000 (2813006.000.000) 10/06 19:30:24 Job submitted from host: <188.185.70.244:9618?addrs=188.185.70.244-9618+[2001-1458-d00-7--100-2ee]-9618&alias=bigbird10.cern.ch&noUDP&sock=schedd_2095_9300>
...
040 (2813006.000.000) 10/06 19:35:15 Started transferring input files
	Transferring to host: <188.184.192.53:9618?addrs=188.184.192.53-9618+[2001-1458-301-83--100-31]-9618&alias=b7g44n0058.cern.ch&noUDP&sock=slot1_2_3872_ec97_34625>
...
040 (2813006.000.000) 10/06 19:35:15 Finished transferring input files
...
001 (2813006.000.000) 10/06 19:35:15 Job executing on host: <188.184.192.53:9618?addrs=188.184.192.53-9618+[2001-1458-301-83--100-31]-9618&alias=b7g44n0058.cern.ch&noUDP&sock=startd_3325_407d>
...
006 (2813006.000.000) 10/06 19:35:23 Image size of job updated: 38128
	0  -  MemoryUsage of job (MB)
	0  -  ResidentSetSize of job (KB)
...
040 (2813006.000.000) 10/06 19:35:23 Started transferring output files
...
040 (2813006.000.000) 10/06 19:35:23 Finished transferring output files
...
005 (2813006.000.000) 10/06 19:35:24 Job terminated.
	(1) Normal termination (return value 0)
		Usr 0 00:00:02, Sys 0 00:00:00  -  Run Remote Usage
		Usr 0 00:00:00, Sys 0 00:00:00  -  Run Local Usage
		Usr 0 00:00:02, Sys 0 00:00:00  -  Total Remote Usage
		Usr 0 00:00:00, Sys 0 00:00:00  -  Total Local Usage
	1886  -  Run Bytes Sent By Job
	500  -  Run Bytes Received By Job
	1886  -  Total Bytes Sent By Job
	500  -  Total Bytes Received By Job
	Partitionable Resources :    Usage  Request Allocated 
	   Cpus                 :                 1         1 
	   Disk (KB)            :       21        1    182502 
	   Memory (MB)          :        0     2000      2000 

	Job terminated of its own accord at 2021-10-06T17:35:23Z.
...
000 (2813023.000.000) 10/06 20:57:38 Job submitted from host: <188.185.70.244:9618?addrs=188.185.70.244-9618+[2001-1458-d00-7--100-2ee]-9618&alias=bigbird10.cern.ch&noUDP&sock=schedd_2095_9300>
...
040 (2813023.000.000) 10/06 21:01:40 Started transferring input files
	Transferring to host: <188.184.160.137:9618?addrs=188.184.160.137-9618+[2001-1458-301-48--100-83]-9618&alias=b7s09p7533.cern.ch&noUDP&sock=slot1_7_72492_ebfd_35771>
...
040 (2813023.000.000) 10/06 21:01:40 Finished transferring input files
...
001 (2813023.000.000) 10/06 21:01:40 Job executing on host: <188.184.160.137:9618?addrs=188.184.160.137-9618+[2001-1458-301-48--100-83]-9618&alias=b7s09p7533.cern.ch&noUDP&sock=startd_71537_02a1>
...
006 (2813023.000.000) 10/06 21:01:49 Image size of job updated: 126380
	43  -  MemoryUsage of job (MB)
	43852  -  ResidentSetSize of job (KB)
...
006 (2813023.000.000) 10/06 21:06:50 Image size of job updated: 430808
	44  -  MemoryUsage of job (MB)
	44148  -  ResidentSetSize of job (KB)
...
006 (2813023.000.000) 10/06 21:11:50 Image size of job updated: 430808
	122  -  MemoryUsage of job (MB)
	124884  -  ResidentSetSize of job (KB)
...
006 (2813023.000.000) 10/06 21:16:50 Image size of job updated: 430808
	122  -  MemoryUsage of job (MB)
	124916  -  ResidentSetSize of job (KB)
...
040 (2813023.000.000) 10/06 21:19:25 Started transferring output files
...
040 (2813023.000.000) 10/06 21:19:25 Finished transferring output files
...
005 (2813023.000.000) 10/06 21:19:25 Job terminated.
	(1) Normal termination (return value 0)
		Usr 0 00:17:33, Sys 0 00:00:02  -  Run Remote Usage
		Usr 0 00:00:00, Sys 0 00:00:00  -  Run Local Usage
		Usr 0 00:17:33, Sys 0 00:00:02  -  Total Remote Usage
		Usr 0 00:00:00, Sys 0 00:00:00  -  Total Local Usage
	3612  -  Run Bytes Sent By Job
	500  -  Run Bytes Received By Job
	3612  -  Total Bytes Sent By Job
	500  -  Total Bytes Received By Job
	Partitionable Resources :    Usage  Request Allocated 
	   Cpus                 :     1.00        1         1 
	   Disk (KB)            :    30           1   1339443 
	   Memory (MB)          :   122        2000      2000 

	Job terminated of its own accord at 2021-10-06T19:19:25Z.
...
