000 (2813006.001.000) 10/06 19:30:24 Job submitted from host: <188.185.70.244:9618?addrs=188.185.70.244-9618+[2001-1458-d00-7--100-2ee]-9618&alias=bigbird10.cern.ch&noUDP&sock=schedd_2095_9300>
...
040 (2813006.001.000) 10/06 19:35:16 Started transferring input files
	Transferring to host: <188.184.192.34:9618?addrs=188.184.192.34-9618+[2001-1458-301-83--100-3d]-9618&alias=b7g44n0053.cern.ch&noUDP&sock=slot1_8_3652_ea0e_30718>
...
040 (2813006.001.000) 10/06 19:35:16 Finished transferring input files
...
001 (2813006.001.000) 10/06 19:35:16 Job executing on host: <188.184.192.34:9618?addrs=188.184.192.34-9618+[2001-1458-301-83--100-3d]-9618&alias=b7g44n0053.cern.ch&noUDP&sock=startd_3039_1467>
...
006 (2813006.001.000) 10/06 19:35:25 Image size of job updated: 306800
	43  -  MemoryUsage of job (MB)
	43852  -  ResidentSetSize of job (KB)
...
006 (2813006.001.000) 10/06 19:40:26 Image size of job updated: 430824
	44  -  MemoryUsage of job (MB)
	44148  -  ResidentSetSize of job (KB)
...
006 (2813006.001.000) 10/06 19:45:26 Image size of job updated: 430824
	122  -  MemoryUsage of job (MB)
	124892  -  ResidentSetSize of job (KB)
...
006 (2813006.001.000) 10/06 19:50:27 Image size of job updated: 430824
	122  -  MemoryUsage of job (MB)
	124908  -  ResidentSetSize of job (KB)
...
040 (2813006.001.000) 10/06 19:55:18 Started transferring output files
...
040 (2813006.001.000) 10/06 19:55:18 Finished transferring output files
...
009 (2813006.001.000) 10/06 19:55:19 Job was aborted.
	Job removed by SYSTEM_PERIODIC_REMOVE due to wall time exceeded allowed max.
...
000 (2813023.001.000) 10/06 20:57:38 Job submitted from host: <188.185.70.244:9618?addrs=188.185.70.244-9618+[2001-1458-d00-7--100-2ee]-9618&alias=bigbird10.cern.ch&noUDP&sock=schedd_2095_9300>
...
040 (2813023.001.000) 10/06 21:01:40 Started transferring input files
	Transferring to host: <188.184.162.11:9618?addrs=188.184.162.11-9618+[2001-1458-301-4a--100-5]-9618&alias=b7s11p8670.cern.ch&noUDP&sock=slot1_20_154311_cf1c_11687>
...
040 (2813023.001.000) 10/06 21:01:40 Finished transferring input files
...
001 (2813023.001.000) 10/06 21:01:40 Job executing on host: <188.184.162.11:9618?addrs=188.184.162.11-9618+[2001-1458-301-4a--100-5]-9618&alias=b7s11p8670.cern.ch&noUDP&sock=startd_84785_094f>
...
006 (2813023.001.000) 10/06 21:01:49 Image size of job updated: 30768
	17  -  MemoryUsage of job (MB)
	16416  -  ResidentSetSize of job (KB)
...
006 (2813023.001.000) 10/06 21:06:49 Image size of job updated: 431080
	43  -  MemoryUsage of job (MB)
	43832  -  ResidentSetSize of job (KB)
...
006 (2813023.001.000) 10/06 21:11:49 Image size of job updated: 431080
	124  -  MemoryUsage of job (MB)
	126304  -  ResidentSetSize of job (KB)
...
040 (2813023.001.000) 10/06 21:21:27 Started transferring output files
...
040 (2813023.001.000) 10/06 21:21:27 Finished transferring output files
...
005 (2813023.001.000) 10/06 21:21:27 Job terminated.
	(1) Normal termination (return value 0)
		Usr 0 00:18:46, Sys 0 00:00:00  -  Run Remote Usage
		Usr 0 00:00:00, Sys 0 00:00:00  -  Run Local Usage
		Usr 0 00:18:46, Sys 0 00:00:00  -  Total Remote Usage
		Usr 0 00:00:00, Sys 0 00:00:00  -  Total Local Usage
	3486  -  Run Bytes Sent By Job
	500  -  Run Bytes Received By Job
	3486  -  Total Bytes Sent By Job
	500  -  Total Bytes Received By Job
	Partitionable Resources :    Usage  Request Allocated 
	   Cpus                 :     0.98        1         1 
	   Disk (KB)            :    29           1   3030812 
	   Memory (MB)          :   124        2000      2000 

	Job terminated of its own accord at 2021-10-06T19:21:26Z.
...
