000 (2813006.010.000) 10/06 19:30:24 Job submitted from host: <188.185.70.244:9618?addrs=188.185.70.244-9618+[2001-1458-d00-7--100-2ee]-9618&alias=bigbird10.cern.ch&noUDP&sock=schedd_2095_9300>
...
040 (2813006.010.000) 10/06 19:35:20 Started transferring input files
	Transferring to host: <128.142.56.69:9618?addrs=128.142.56.69-9618+[2001-1458-301-6--100-44]-9618&alias=b7s01p9643.cern.ch&noUDP&sock=slot1_38_4919_a161_1063>
...
001 (2813006.010.000) 10/06 19:35:20 Job executing on host: <128.142.56.69:9618?addrs=128.142.56.69-9618+[2001-1458-301-6--100-44]-9618&alias=b7s01p9643.cern.ch&noUDP&sock=startd_4543_b2d7>
...
040 (2813006.010.000) 10/06 19:35:20 Finished transferring input files
...
006 (2813006.010.000) 10/06 19:35:29 Image size of job updated: 63372
	46  -  MemoryUsage of job (MB)
	47004  -  ResidentSetSize of job (KB)
...
006 (2813006.010.000) 10/06 19:40:30 Image size of job updated: 430412
	132  -  MemoryUsage of job (MB)
	135056  -  ResidentSetSize of job (KB)
...
040 (2813006.010.000) 10/06 19:51:08 Started transferring output files
...
040 (2813006.010.000) 10/06 19:51:08 Finished transferring output files
...
005 (2813006.010.000) 10/06 19:51:09 Job terminated.
	(1) Normal termination (return value 0)
		Usr 0 00:15:42, Sys 0 00:00:00  -  Run Remote Usage
		Usr 0 00:00:00, Sys 0 00:00:00  -  Run Local Usage
		Usr 0 00:15:42, Sys 0 00:00:00  -  Total Remote Usage
		Usr 0 00:00:00, Sys 0 00:00:00  -  Total Local Usage
	4060  -  Run Bytes Sent By Job
	500  -  Run Bytes Received By Job
	4060  -  Total Bytes Sent By Job
	500  -  Total Bytes Received By Job
	Partitionable Resources :    Usage  Request Allocated 
	   Cpus                 :     0.99        1         1 
	   Disk (KB)            :    30           1   1361510 
	   Memory (MB)          :   132        2000      2000 

	Job terminated of its own accord at 2021-10-06T17:51:08Z.
...
