000 (2813006.011.000) 10/06 19:30:24 Job submitted from host: <188.185.70.244:9618?addrs=188.185.70.244-9618+[2001-1458-d00-7--100-2ee]-9618&alias=bigbird10.cern.ch&noUDP&sock=schedd_2095_9300>
...
040 (2813006.011.000) 10/06 19:35:20 Started transferring input files
	Transferring to host: <128.142.61.106:9618?addrs=128.142.61.106-9618+[2001-1458-301-23--100-69]-9618&alias=b7s06p9949.cern.ch&noUDP&sock=slot1_25_6194_fbb5_11284>
...
001 (2813006.011.000) 10/06 19:35:20 Job executing on host: <128.142.61.106:9618?addrs=128.142.61.106-9618+[2001-1458-301-23--100-69]-9618&alias=b7s06p9949.cern.ch&noUDP&sock=startd_6121_134a>
...
040 (2813006.011.000) 10/06 19:35:20 Finished transferring input files
...
006 (2813006.011.000) 10/06 19:35:29 Image size of job updated: 431220
	43  -  MemoryUsage of job (MB)
	43688  -  ResidentSetSize of job (KB)
...
006 (2813006.011.000) 10/06 19:40:30 Image size of job updated: 431220
	128  -  MemoryUsage of job (MB)
	130656  -  ResidentSetSize of job (KB)
...
040 (2813006.011.000) 10/06 19:45:24 Started transferring output files
...
040 (2813006.011.000) 10/06 19:45:24 Finished transferring output files
...
005 (2813006.011.000) 10/06 19:45:25 Job terminated.
	(1) Normal termination (return value 0)
		Usr 0 00:10:00, Sys 0 00:00:00  -  Run Remote Usage
		Usr 0 00:00:00, Sys 0 00:00:00  -  Run Local Usage
		Usr 0 00:10:00, Sys 0 00:00:00  -  Total Remote Usage
		Usr 0 00:00:00, Sys 0 00:00:00  -  Total Local Usage
	3668  -  Run Bytes Sent By Job
	500  -  Run Bytes Received By Job
	3668  -  Total Bytes Sent By Job
	500  -  Total Bytes Received By Job
	Partitionable Resources :    Usage  Request Allocated 
	   Cpus                 :                 1         1 
	   Disk (KB)            :       22        1   1349425 
	   Memory (MB)          :      128     2000      2000 

	Job terminated of its own accord at 2021-10-06T17:45:24Z.
...
