000 (2813006.012.000) 10/06 19:30:24 Job submitted from host: <188.185.70.244:9618?addrs=188.185.70.244-9618+[2001-1458-d00-7--100-2ee]-9618&alias=bigbird10.cern.ch&noUDP&sock=schedd_2095_9300>
...
040 (2813006.012.000) 10/06 19:35:22 Started transferring input files
	Transferring to host: <128.142.248.175:9618?addrs=128.142.248.175-9618+[2001-1458-301-73--100-ae]-9618&alias=b7g23p8988.cern.ch&noUDP&sock=slot1_8_76739_514a_10326>
...
001 (2813006.012.000) 10/06 19:35:22 Job executing on host: <128.142.248.175:9618?addrs=128.142.248.175-9618+[2001-1458-301-73--100-ae]-9618&alias=b7g23p8988.cern.ch&noUDP&sock=startd_59815_b17a>
...
040 (2813006.012.000) 10/06 19:35:22 Finished transferring input files
...
006 (2813006.012.000) 10/06 19:35:30 Image size of job updated: 60012
	43  -  MemoryUsage of job (MB)
	43648  -  ResidentSetSize of job (KB)
...
006 (2813006.012.000) 10/06 19:40:30 Image size of job updated: 430968
	43  -  MemoryUsage of job (MB)
	43648  -  ResidentSetSize of job (KB)
...
006 (2813006.012.000) 10/06 19:45:31 Image size of job updated: 430968
	124  -  MemoryUsage of job (MB)
	126572  -  ResidentSetSize of job (KB)
...
040 (2813006.012.000) 10/06 19:52:08 Started transferring output files
...
040 (2813006.012.000) 10/06 19:52:08 Finished transferring output files
...
005 (2813006.012.000) 10/06 19:52:08 Job terminated.
	(1) Normal termination (return value 0)
		Usr 0 00:16:31, Sys 0 00:00:00  -  Run Remote Usage
		Usr 0 00:00:00, Sys 0 00:00:00  -  Run Local Usage
		Usr 0 00:16:31, Sys 0 00:00:00  -  Total Remote Usage
		Usr 0 00:00:00, Sys 0 00:00:00  -  Total Local Usage
	3668  -  Run Bytes Sent By Job
	500  -  Run Bytes Received By Job
	3668  -  Total Bytes Sent By Job
	500  -  Total Bytes Received By Job
	Partitionable Resources :    Usage  Request Allocated 
	   Cpus                 :     1.00        1         1 
	   Disk (KB)            :    30           1   3292638 
	   Memory (MB)          :   124        2000      2000 

	Job terminated of its own accord at 2021-10-06T17:52:08Z.
...
