000 (2813006.013.000) 10/06 19:30:24 Job submitted from host: <188.185.70.244:9618?addrs=188.185.70.244-9618+[2001-1458-d00-7--100-2ee]-9618&alias=bigbird10.cern.ch&noUDP&sock=schedd_2095_9300>
...
040 (2813006.013.000) 10/06 19:35:21 Started transferring input files
	Transferring to host: <128.142.56.141:9618?addrs=128.142.56.141-9618&alias=b7s01p9998.cern.ch&noUDP&sock=slot1_15_3528_8b89_3995>
...
001 (2813006.013.000) 10/06 19:35:22 Job executing on host: <128.142.56.141:9618?addrs=128.142.56.141-9618&alias=b7s01p9998.cern.ch&noUDP&sock=startd_3048_40c1>
...
040 (2813006.013.000) 10/06 19:35:22 Finished transferring input files
...
006 (2813006.013.000) 10/06 19:35:30 Image size of job updated: 60636
	44  -  MemoryUsage of job (MB)
	44268  -  ResidentSetSize of job (KB)
...
006 (2813006.013.000) 10/06 19:40:30 Image size of job updated: 430408
	124  -  MemoryUsage of job (MB)
	126032  -  ResidentSetSize of job (KB)
...
040 (2813006.013.000) 10/06 19:48:38 Started transferring output files
...
040 (2813006.013.000) 10/06 19:48:38 Finished transferring output files
...
005 (2813006.013.000) 10/06 19:48:38 Job terminated.
	(1) Normal termination (return value 0)
		Usr 0 00:13:11, Sys 0 00:00:00  -  Run Remote Usage
		Usr 0 00:00:00, Sys 0 00:00:00  -  Run Local Usage
		Usr 0 00:13:11, Sys 0 00:00:00  -  Total Remote Usage
		Usr 0 00:00:00, Sys 0 00:00:00  -  Total Local Usage
	4130  -  Run Bytes Sent By Job
	500  -  Run Bytes Received By Job
	4130  -  Total Bytes Sent By Job
	500  -  Total Bytes Received By Job
	Partitionable Resources :    Usage  Request Allocated 
	   Cpus                 :     1.00        1         1 
	   Disk (KB)            :    29           1   1342704 
	   Memory (MB)          :   124        2000      2000 

	Job terminated of its own accord at 2021-10-06T17:48:38Z.
...
