000 (2813006.014.000) 10/06 19:30:24 Job submitted from host: <188.185.70.244:9618?addrs=188.185.70.244-9618+[2001-1458-d00-7--100-2ee]-9618&alias=bigbird10.cern.ch&noUDP&sock=schedd_2095_9300>
...
040 (2813006.014.000) 10/06 19:35:22 Started transferring input files
	Transferring to host: <128.142.56.43:9618?addrs=128.142.56.43-9618+[2001-1458-301-6--100-2a]-9618&alias=b7s01p9459.cern.ch&noUDP&sock=slot1_3_3919_0a38_1402>
...
040 (2813006.014.000) 10/06 19:35:22 Finished transferring input files
...
001 (2813006.014.000) 10/06 19:35:22 Job executing on host: <128.142.56.43:9618?addrs=128.142.56.43-9618+[2001-1458-301-6--100-2a]-9618&alias=b7s01p9459.cern.ch&noUDP&sock=startd_3537_aa91>
...
006 (2813006.014.000) 10/06 19:35:30 Image size of job updated: 430408
	43  -  MemoryUsage of job (MB)
	43596  -  ResidentSetSize of job (KB)
...
006 (2813006.014.000) 10/06 19:40:30 Image size of job updated: 430408
	124  -  MemoryUsage of job (MB)
	126788  -  ResidentSetSize of job (KB)
...
040 (2813006.014.000) 10/06 19:51:24 Started transferring output files
...
040 (2813006.014.000) 10/06 19:51:24 Finished transferring output files
...
005 (2813006.014.000) 10/06 19:51:24 Job terminated.
	(1) Normal termination (return value 0)
		Usr 0 00:15:57, Sys 0 00:00:00  -  Run Remote Usage
		Usr 0 00:00:00, Sys 0 00:00:00  -  Run Local Usage
		Usr 0 00:15:57, Sys 0 00:00:00  -  Total Remote Usage
		Usr 0 00:00:00, Sys 0 00:00:00  -  Total Local Usage
	4284  -  Run Bytes Sent By Job
	500  -  Run Bytes Received By Job
	4284  -  Total Bytes Sent By Job
	500  -  Total Bytes Received By Job
	Partitionable Resources :    Usage  Request Allocated 
	   Cpus                 :     1.00        1         1 
	   Disk (KB)            :    30           1   1334641 
	   Memory (MB)          :   124        2000      2000 

	Job terminated of its own accord at 2021-10-06T17:51:24Z.
...
