000 (2813006.016.000) 10/06 19:30:24 Job submitted from host: <188.185.70.244:9618?addrs=188.185.70.244-9618+[2001-1458-d00-7--100-2ee]-9618&alias=bigbird10.cern.ch&noUDP&sock=schedd_2095_9300>
...
040 (2813006.016.000) 10/06 19:35:23 Started transferring input files
	Transferring to host: <128.142.61.18:9618?addrs=128.142.61.18-9618+[2001-1458-301-23--100-11]-9618&alias=b7s06p9853.cern.ch&noUDP&sock=slot1_19_3780_1a13_1227>
...
040 (2813006.016.000) 10/06 19:35:23 Finished transferring input files
...
001 (2813006.016.000) 10/06 19:35:23 Job executing on host: <128.142.61.18:9618?addrs=128.142.61.18-9618+[2001-1458-301-23--100-11]-9618&alias=b7s06p9853.cern.ch&noUDP&sock=startd_3598_81d8>
...
006 (2813006.016.000) 10/06 19:35:31 Image size of job updated: 260376
	43  -  MemoryUsage of job (MB)
	43988  -  ResidentSetSize of job (KB)
...
006 (2813006.016.000) 10/06 19:40:31 Image size of job updated: 431256
	129  -  MemoryUsage of job (MB)
	131408  -  ResidentSetSize of job (KB)
...
006 (2813006.016.000) 10/06 19:45:32 Image size of job updated: 431256
	129  -  MemoryUsage of job (MB)
	131436  -  ResidentSetSize of job (KB)
...
040 (2813006.016.000) 10/06 19:45:51 Started transferring output files
...
040 (2813006.016.000) 10/06 19:45:51 Finished transferring output files
...
005 (2813006.016.000) 10/06 19:45:51 Job terminated.
	(1) Normal termination (return value 0)
		Usr 0 00:10:23, Sys 0 00:00:00  -  Run Remote Usage
		Usr 0 00:00:00, Sys 0 00:00:00  -  Run Local Usage
		Usr 0 00:10:23, Sys 0 00:00:00  -  Total Remote Usage
		Usr 0 00:00:00, Sys 0 00:00:00  -  Total Local Usage
	3430  -  Run Bytes Sent By Job
	500  -  Run Bytes Received By Job
	3430  -  Total Bytes Sent By Job
	500  -  Total Bytes Received By Job
	Partitionable Resources :    Usage  Request Allocated 
	   Cpus                 :                 1         1 
	   Disk (KB)            :       22        1   1335429 
	   Memory (MB)          :      129     2000      2000 

	Job terminated of its own accord at 2021-10-06T17:45:50Z.
...
