000 (2813006.020.000) 10/06 19:30:24 Job submitted from host: <188.185.70.244:9618?addrs=188.185.70.244-9618+[2001-1458-d00-7--100-2ee]-9618&alias=bigbird10.cern.ch&noUDP&sock=schedd_2095_9300>
...
040 (2813006.020.000) 10/06 19:35:24 Started transferring input files
	Transferring to host: <128.142.61.93:9618?addrs=128.142.61.93-9618+[2001-1458-301-23--100-5c]-9618&alias=b7s06p8457.cern.ch&noUDP&sock=slot1_5_3648_188d_9361>
...
001 (2813006.020.000) 10/06 19:35:24 Job executing on host: <128.142.61.93:9618?addrs=128.142.61.93-9618+[2001-1458-301-23--100-5c]-9618&alias=b7s06p8457.cern.ch&noUDP&sock=startd_3581_d8bc>
...
040 (2813006.020.000) 10/06 19:35:24 Finished transferring input files
...
006 (2813006.020.000) 10/06 19:35:33 Image size of job updated: 71568
	54  -  MemoryUsage of job (MB)
	55200  -  ResidentSetSize of job (KB)
...
006 (2813006.020.000) 10/06 19:40:34 Image size of job updated: 430972
	142  -  MemoryUsage of job (MB)
	145168  -  ResidentSetSize of job (KB)
...
040 (2813006.020.000) 10/06 19:46:07 Started transferring output files
...
040 (2813006.020.000) 10/06 19:46:07 Finished transferring output files
...
005 (2813006.020.000) 10/06 19:46:07 Job terminated.
	(1) Normal termination (return value 0)
		Usr 0 00:10:36, Sys 0 00:00:00  -  Run Remote Usage
		Usr 0 00:00:00, Sys 0 00:00:00  -  Run Local Usage
		Usr 0 00:10:36, Sys 0 00:00:00  -  Total Remote Usage
		Usr 0 00:00:00, Sys 0 00:00:00  -  Total Local Usage
	3908  -  Run Bytes Sent By Job
	500  -  Run Bytes Received By Job
	3908  -  Total Bytes Sent By Job
	500  -  Total Bytes Received By Job
	Partitionable Resources :    Usage  Request Allocated 
	   Cpus                 :     1.00        1         1 
	   Disk (KB)            :    30           1   1343866 
	   Memory (MB)          :   142        2000      2000 

	Job terminated of its own accord at 2021-10-06T17:46:07Z.
...
