000 (2813006.021.000) 10/06 19:30:24 Job submitted from host: <188.185.70.244:9618?addrs=188.185.70.244-9618+[2001-1458-d00-7--100-2ee]-9618&alias=bigbird10.cern.ch&noUDP&sock=schedd_2095_9300>
...
040 (2813006.021.000) 10/06 19:35:17 Started transferring input files
	Transferring to host: <128.142.61.100:9618?addrs=128.142.61.100-9618&alias=b7s06p9018.cern.ch&noUDP&sock=slot1_11_3096_2977_1364>
...
040 (2813006.021.000) 10/06 19:35:17 Finished transferring input files
...
001 (2813006.021.000) 10/06 19:35:17 Job executing on host: <128.142.61.100:9618?addrs=128.142.61.100-9618&alias=b7s06p9018.cern.ch&noUDP&sock=startd_2576_800e>
...
006 (2813006.021.000) 10/06 19:35:27 Image size of job updated: 430944
	46  -  MemoryUsage of job (MB)
	47076  -  ResidentSetSize of job (KB)
...
006 (2813006.021.000) 10/06 19:40:27 Image size of job updated: 430944
	135  -  MemoryUsage of job (MB)
	137724  -  ResidentSetSize of job (KB)
...
006 (2813006.021.000) 10/06 19:45:27 Image size of job updated: 430944
	151  -  MemoryUsage of job (MB)
	153628  -  ResidentSetSize of job (KB)
...
040 (2813006.021.000) 10/06 19:47:24 Started transferring output files
...
040 (2813006.021.000) 10/06 19:47:24 Finished transferring output files
...
005 (2813006.021.000) 10/06 19:47:24 Job terminated.
	(1) Normal termination (return value 0)
		Usr 0 00:12:02, Sys 0 00:00:00  -  Run Remote Usage
		Usr 0 00:00:00, Sys 0 00:00:00  -  Run Local Usage
		Usr 0 00:12:02, Sys 0 00:00:00  -  Total Remote Usage
		Usr 0 00:00:00, Sys 0 00:00:00  -  Total Local Usage
	3866  -  Run Bytes Sent By Job
	500  -  Run Bytes Received By Job
	3866  -  Total Bytes Sent By Job
	500  -  Total Bytes Received By Job
	Partitionable Resources :    Usage  Request Allocated 
	   Cpus                 :     1.00        1         1 
	   Disk (KB)            :    29           1   1350164 
	   Memory (MB)          :   151        2000      2000 

	Job terminated of its own accord at 2021-10-06T17:47:24Z.
...
