000 (2813006.022.000) 10/06 19:30:24 Job submitted from host: <188.185.70.244:9618?addrs=188.185.70.244-9618+[2001-1458-d00-7--100-2ee]-9618&alias=bigbird10.cern.ch&noUDP&sock=schedd_2095_9300>
...
040 (2813006.022.000) 10/06 19:35:24 Started transferring input files
	Transferring to host: <128.142.248.203:9618?addrs=128.142.248.203-9618+[2001-1458-301-73--100-ca]-9618&alias=b7g23p9103.cern.ch&noUDP&sock=slot1_16_88521_cd69_12238>
...
001 (2813006.022.000) 10/06 19:35:24 Job executing on host: <128.142.248.203:9618?addrs=128.142.248.203-9618+[2001-1458-301-73--100-ca]-9618&alias=b7g23p9103.cern.ch&noUDP&sock=startd_19055_b93a>
...
040 (2813006.022.000) 10/06 19:35:24 Finished transferring input files
...
006 (2813006.022.000) 10/06 19:35:33 Image size of job updated: 430696
	43  -  MemoryUsage of job (MB)
	43616  -  ResidentSetSize of job (KB)
...
006 (2813006.022.000) 10/06 19:45:34 Image size of job updated: 430696
	123  -  MemoryUsage of job (MB)
	125740  -  ResidentSetSize of job (KB)
...
040 (2813006.022.000) 10/06 19:55:23 Started transferring output files
...
040 (2813006.022.000) 10/06 19:55:23 Finished transferring output files
...
005 (2813006.022.000) 10/06 19:55:23 Job terminated.
	(1) Normal termination (return value 0)
		Usr 0 00:19:55, Sys 0 00:00:00  -  Run Remote Usage
		Usr 0 00:00:00, Sys 0 00:00:00  -  Run Local Usage
		Usr 0 00:19:55, Sys 0 00:00:00  -  Total Remote Usage
		Usr 0 00:00:00, Sys 0 00:00:00  -  Total Local Usage
	4076  -  Run Bytes Sent By Job
	500  -  Run Bytes Received By Job
	4076  -  Total Bytes Sent By Job
	500  -  Total Bytes Received By Job
	Partitionable Resources :    Usage  Request Allocated 
	   Cpus                 :     1.00        1         1 
	   Disk (KB)            :    30           1   3261253 
	   Memory (MB)          :   123        2000      2000 

	Job terminated of its own accord at 2021-10-06T17:55:23Z.
...
