000 (2813006.023.000) 10/06 19:30:24 Job submitted from host: <188.185.70.244:9618?addrs=188.185.70.244-9618+[2001-1458-d00-7--100-2ee]-9618&alias=bigbird10.cern.ch&noUDP&sock=schedd_2095_9300>
...
040 (2813006.023.000) 10/06 19:35:24 Started transferring input files
	Transferring to host: <188.184.197.141:9618?addrs=188.184.197.141-9618+[2001-1458-301-103--100-3e]-9618&alias=b7g23n8086.cern.ch&noUDP&sock=slot1_4_3986_3f5b_26353>
...
040 (2813006.023.000) 10/06 19:35:24 Finished transferring input files
...
001 (2813006.023.000) 10/06 19:35:24 Job executing on host: <188.184.197.141:9618?addrs=188.184.197.141-9618+[2001-1458-301-103--100-3e]-9618&alias=b7g23n8086.cern.ch&noUDP&sock=startd_3472_14e9>
...
006 (2813006.023.000) 10/06 19:35:33 Image size of job updated: 60280
	43  -  MemoryUsage of job (MB)
	43912  -  ResidentSetSize of job (KB)
...
006 (2813006.023.000) 10/06 19:40:34 Image size of job updated: 430468
	122  -  MemoryUsage of job (MB)
	124320  -  ResidentSetSize of job (KB)
...
006 (2813006.023.000) 10/06 19:45:34 Image size of job updated: 430468
	122  -  MemoryUsage of job (MB)
	124352  -  ResidentSetSize of job (KB)
...
006 (2813006.023.000) 10/06 19:50:34 Image size of job updated: 430468
	122  -  MemoryUsage of job (MB)
	124372  -  ResidentSetSize of job (KB)
...
040 (2813006.023.000) 10/06 19:54:07 Started transferring output files
...
040 (2813006.023.000) 10/06 19:54:07 Finished transferring output files
...
005 (2813006.023.000) 10/06 19:54:08 Job terminated.
	(1) Normal termination (return value 0)
		Usr 0 00:18:19, Sys 0 00:00:00  -  Run Remote Usage
		Usr 0 00:00:00, Sys 0 00:00:00  -  Run Local Usage
		Usr 0 00:18:19, Sys 0 00:00:00  -  Total Remote Usage
		Usr 0 00:00:00, Sys 0 00:00:00  -  Total Local Usage
	4048  -  Run Bytes Sent By Job
	500  -  Run Bytes Received By Job
	4048  -  Total Bytes Sent By Job
	500  -  Total Bytes Received By Job
	Partitionable Resources :    Usage  Request Allocated 
	   Cpus                 :     1.00        1         1 
	   Disk (KB)            :    30           1    352257 
	   Memory (MB)          :   122        2000      2000 

	Job terminated of its own accord at 2021-10-06T17:54:07Z.
...
