000 (2813006.025.000) 10/06 19:30:24 Job submitted from host: <188.185.70.244:9618?addrs=188.185.70.244-9618+[2001-1458-d00-7--100-2ee]-9618&alias=bigbird10.cern.ch&noUDP&sock=schedd_2095_9300>
...
040 (2813006.025.000) 10/06 19:35:24 Started transferring input files
	Transferring to host: <128.142.61.100:9618?addrs=128.142.61.100-9618&alias=b7s06p9018.cern.ch&noUDP&sock=slot1_13_3096_2977_1365>
...
040 (2813006.025.000) 10/06 19:35:24 Finished transferring input files
...
001 (2813006.025.000) 10/06 19:35:24 Job executing on host: <128.142.61.100:9618?addrs=128.142.61.100-9618&alias=b7s06p9018.cern.ch&noUDP&sock=startd_2576_800e>
...
006 (2813006.025.000) 10/06 19:35:33 Image size of job updated: 431216
	54  -  MemoryUsage of job (MB)
	55284  -  ResidentSetSize of job (KB)
...
006 (2813006.025.000) 10/06 19:40:34 Image size of job updated: 431216
	138  -  MemoryUsage of job (MB)
	140920  -  ResidentSetSize of job (KB)
...
040 (2813006.025.000) 10/06 19:45:41 Started transferring output files
...
040 (2813006.025.000) 10/06 19:45:41 Finished transferring output files
...
005 (2813006.025.000) 10/06 19:45:42 Job terminated.
	(1) Normal termination (return value 0)
		Usr 0 00:10:14, Sys 0 00:00:00  -  Run Remote Usage
		Usr 0 00:00:00, Sys 0 00:00:00  -  Run Local Usage
		Usr 0 00:10:14, Sys 0 00:00:00  -  Total Remote Usage
		Usr 0 00:00:00, Sys 0 00:00:00  -  Total Local Usage
	3546  -  Run Bytes Sent By Job
	500  -  Run Bytes Received By Job
	3546  -  Total Bytes Sent By Job
	500  -  Total Bytes Received By Job
	Partitionable Resources :    Usage  Request Allocated 
	   Cpus                 :     1.00        1         1 
	   Disk (KB)            :    29           1   1350169 
	   Memory (MB)          :   138        2000      2000 

	Job terminated of its own accord at 2021-10-06T17:45:41Z.
...
