000 (2813006.007.000) 10/06 19:30:24 Job submitted from host: <188.185.70.244:9618?addrs=188.185.70.244-9618+[2001-1458-d00-7--100-2ee]-9618&alias=bigbird10.cern.ch&noUDP&sock=schedd_2095_9300>
...
040 (2813006.007.000) 10/06 19:35:17 Started transferring input files
	Transferring to host: <188.184.197.141:9618?addrs=188.184.197.141-9618+[2001-1458-301-103--100-3e]-9618&alias=b7g23n8086.cern.ch&noUDP&sock=slot1_3_3986_3f5b_26352>
...
040 (2813006.007.000) 10/06 19:35:17 Finished transferring input files
...
001 (2813006.007.000) 10/06 19:35:17 Job executing on host: <188.184.197.141:9618?addrs=188.184.197.141-9618+[2001-1458-301-103--100-3e]-9618&alias=b7g23n8086.cern.ch&noUDP&sock=startd_3472_14e9>
...
006 (2813006.007.000) 10/06 19:35:22 Image size of job updated: 289904
	0  -  MemoryUsage of job (MB)
	0  -  ResidentSetSize of job (KB)
...
040 (2813006.007.000) 10/06 19:35:22 Started transferring output files
...
040 (2813006.007.000) 10/06 19:35:22 Finished transferring output files
...
005 (2813006.007.000) 10/06 19:35:22 Job terminated.
	(1) Normal termination (return value 0)
		Usr 0 00:00:01, Sys 0 00:00:00  -  Run Remote Usage
		Usr 0 00:00:00, Sys 0 00:00:00  -  Run Local Usage
		Usr 0 00:00:01, Sys 0 00:00:00  -  Total Remote Usage
		Usr 0 00:00:00, Sys 0 00:00:00  -  Total Local Usage
	1886  -  Run Bytes Sent By Job
	500  -  Run Bytes Received By Job
	1886  -  Total Bytes Sent By Job
	500  -  Total Bytes Received By Job
	Partitionable Resources :    Usage  Request Allocated 
	   Cpus                 :                 1         1 
	   Disk (KB)            :       21        1    352257 
	   Memory (MB)          :        0     2000      2000 

	Job terminated of its own accord at 2021-10-06T17:35:22Z.
...
