000 (2813006.008.000) 10/06 19:30:24 Job submitted from host: <188.185.70.244:9618?addrs=188.185.70.244-9618+[2001-1458-d00-7--100-2ee]-9618&alias=bigbird10.cern.ch&noUDP&sock=schedd_2095_9300>
...
040 (2813006.008.000) 10/06 19:35:17 Started transferring input files
	Transferring to host: <188.184.192.45:9618?addrs=188.184.192.45-9618+[2001-1458-301-83--100-3]-9618&alias=b7g44n0019.cern.ch&noUDP&sock=slot1_3_3682_0d4f_25525>
...
040 (2813006.008.000) 10/06 19:35:17 Finished transferring input files
...
001 (2813006.008.000) 10/06 19:35:17 Job executing on host: <188.184.192.45:9618?addrs=188.184.192.45-9618+[2001-1458-301-83--100-3]-9618&alias=b7g44n0019.cern.ch&noUDP&sock=startd_3190_a734>
...
006 (2813006.008.000) 10/06 19:35:26 Image size of job updated: 60268
	43  -  MemoryUsage of job (MB)
	43652  -  ResidentSetSize of job (KB)
...
006 (2813006.008.000) 10/06 19:40:26 Image size of job updated: 430188
	43  -  MemoryUsage of job (MB)
	43916  -  ResidentSetSize of job (KB)
...
006 (2813006.008.000) 10/06 19:45:26 Image size of job updated: 430188
	122  -  MemoryUsage of job (MB)
	123968  -  ResidentSetSize of job (KB)
...
006 (2813006.008.000) 10/06 19:50:27 Image size of job updated: 430188
	122  -  MemoryUsage of job (MB)
	123976  -  ResidentSetSize of job (KB)
...
040 (2813006.008.000) 10/06 19:55:18 Started transferring output files
...
040 (2813006.008.000) 10/06 19:55:19 Finished transferring output files
...
009 (2813006.008.000) 10/06 19:55:19 Job was aborted.
	Job removed by SYSTEM_PERIODIC_REMOVE due to wall time exceeded allowed max.
...
