000 (2813006.009.000) 10/06 19:30:24 Job submitted from host: <188.185.70.244:9618?addrs=188.185.70.244-9618+[2001-1458-d00-7--100-2ee]-9618&alias=bigbird10.cern.ch&noUDP&sock=schedd_2095_9300>
...
040 (2813006.009.000) 10/06 19:35:20 Started transferring input files
	Transferring to host: <128.142.61.141:9618?addrs=128.142.61.141-9618+[2001-1458-301-23--100-8c]-9618&alias=b7s06p8408.cern.ch&noUDP&sock=slot1_28_3633_86ed_792>
...
040 (2813006.009.000) 10/06 19:35:20 Finished transferring input files
...
001 (2813006.009.000) 10/06 19:35:20 Job executing on host: <128.142.61.141:9618?addrs=128.142.61.141-9618+[2001-1458-301-23--100-8c]-9618&alias=b7s06p8408.cern.ch&noUDP&sock=startd_3587_f64d>
...
006 (2813006.009.000) 10/06 19:35:29 Image size of job updated: 430172
	47  -  MemoryUsage of job (MB)
	47304  -  ResidentSetSize of job (KB)
...
006 (2813006.009.000) 10/06 19:40:30 Image size of job updated: 430172
	125  -  MemoryUsage of job (MB)
	127372  -  ResidentSetSize of job (KB)
...
006 (2813006.009.000) 10/06 19:45:30 Image size of job updated: 430172
	125  -  MemoryUsage of job (MB)
	127408  -  ResidentSetSize of job (KB)
...
040 (2813006.009.000) 10/06 19:48:37 Started transferring output files
...
040 (2813006.009.000) 10/06 19:48:37 Finished transferring output files
...
005 (2813006.009.000) 10/06 19:48:37 Job terminated.
	(1) Normal termination (return value 0)
		Usr 0 00:13:12, Sys 0 00:00:01  -  Run Remote Usage
		Usr 0 00:00:00, Sys 0 00:00:00  -  Run Local Usage
		Usr 0 00:13:12, Sys 0 00:00:01  -  Total Remote Usage
		Usr 0 00:00:00, Sys 0 00:00:00  -  Total Local Usage
	4130  -  Run Bytes Sent By Job
	500  -  Run Bytes Received By Job
	4130  -  Total Bytes Sent By Job
	500  -  Total Bytes Received By Job
	Partitionable Resources :    Usage  Request Allocated 
	   Cpus                 :     1.00        1         1 
	   Disk (KB)            :    30           1   1335602 
	   Memory (MB)          :   125        2000      2000 

	Job terminated of its own accord at 2021-10-06T17:48:37Z.
...
