000 (1941406.012.000) 02/18 19:11:46 Job submitted from host: <188.185.70.244:9618?addrs=188.185.70.244-9618+[2001-1458-d00-7--100-2ee]-9618&alias=bigbird10.cern.ch&noUDP&sock=schedd_1882_7954_26>
...
040 (1941406.012.000) 02/18 19:16:44 Started transferring input files
	Transferring to host: <188.184.192.69:9618?addrs=188.184.192.69-9618+[2001-1458-301-83--100-1e]-9618&noUDP&sock=3771_c2b2_1721>
...
040 (1941406.012.000) 02/18 19:16:44 Finished transferring input files
...
001 (1941406.012.000) 02/18 19:16:44 Job executing on host: <188.184.192.69:9618?addrs=188.184.192.69-9618+[2001-1458-301-83--100-1e]-9618&noUDP&sock=26869_7a44_258>
...
006 (1941406.012.000) 02/18 19:16:52 Image size of job updated: 49580
	44  -  MemoryUsage of job (MB)
	44468  -  ResidentSetSize of job (KB)
...
006 (1941406.012.000) 02/18 19:21:52 Image size of job updated: 49600
	44  -  MemoryUsage of job (MB)
	44488  -  ResidentSetSize of job (KB)
...
006 (1941406.012.000) 02/18 19:26:53 Image size of job updated: 130036
	122  -  MemoryUsage of job (MB)
	124924  -  ResidentSetSize of job (KB)
...
006 (1941406.012.000) 02/18 19:31:53 Image size of job updated: 130052
	123  -  MemoryUsage of job (MB)
	124940  -  ResidentSetSize of job (KB)
...
040 (1941406.012.000) 02/18 19:36:46 Started transferring output files
...
040 (1941406.012.000) 02/18 19:36:46 Finished transferring output files
...
009 (1941406.012.000) 02/18 19:36:46 Job was aborted by the user.
	Job removed by SYSTEM_PERIODIC_REMOVE due to wall time exceeded allowed max.
...
