000 (1941406.004.000) 02/18 19:11:46 Job submitted from host: <188.185.70.244:9618?addrs=188.185.70.244-9618+[2001-1458-d00-7--100-2ee]-9618&alias=bigbird10.cern.ch&noUDP&sock=schedd_1882_7954_26>
...
040 (1941406.004.000) 02/18 19:16:58 Started transferring input files
	Transferring to host: <188.184.192.83:9618?addrs=188.184.192.83-9618+[2001-1458-301-83--100-1c]-9618&noUDP&sock=15800_477c_1798>
...
040 (1941406.004.000) 02/18 19:16:58 Finished transferring input files
...
001 (1941406.004.000) 02/18 19:16:58 Job executing on host: <188.184.192.83:9618?addrs=188.184.192.83-9618+[2001-1458-301-83--100-1c]-9618&noUDP&sock=15763_af74_3>
...
006 (1941406.004.000) 02/18 19:17:06 Image size of job updated: 61724
	44  -  MemoryUsage of job (MB)
	44136  -  ResidentSetSize of job (KB)
...
006 (1941406.004.000) 02/18 19:22:06 Image size of job updated: 61728
	44  -  MemoryUsage of job (MB)
	44136  -  ResidentSetSize of job (KB)
...
006 (1941406.004.000) 02/18 19:27:07 Image size of job updated: 143516
	123  -  MemoryUsage of job (MB)
	125924  -  ResidentSetSize of job (KB)
...
040 (1941406.004.000) 02/18 19:37:00 Started transferring output files
...
040 (1941406.004.000) 02/18 19:37:00 Finished transferring output files
...
009 (1941406.004.000) 02/18 19:37:00 Job was aborted by the user.
	Job removed by SYSTEM_PERIODIC_REMOVE due to wall time exceeded allowed max.
...
000 (1941410.004.000) 02/18 20:15:29 Job submitted from host: <188.185.70.244:9618?addrs=188.185.70.244-9618+[2001-1458-d00-7--100-2ee]-9618&alias=bigbird10.cern.ch&noUDP&sock=schedd_1882_7954_26>
...
040 (1941410.004.000) 02/18 20:16:31 Started transferring input files
	Transferring to host: <128.142.86.89:9618?addrs=128.142.86.89-9618+[2001-1458-301-f6--100-6]-9618&alias=b7s14n5641.cern.ch&noUDP&sock=slot1_7_12197_a3c9_5092>
...
040 (1941410.004.000) 02/18 20:16:31 Finished transferring input files
...
001 (1941410.004.000) 02/18 20:16:31 Job executing on host: <128.142.86.89:9618?addrs=128.142.86.89-9618+[2001-1458-301-f6--100-6]-9618&alias=b7s14n5641.cern.ch&noUDP&sock=startd_16255_280c>
...
006 (1941410.004.000) 02/18 20:16:40 Image size of job updated: 60460
	44  -  MemoryUsage of job (MB)
	44068  -  ResidentSetSize of job (KB)
...
006 (1941410.004.000) 02/18 20:21:41 Image size of job updated: 427024
	44  -  MemoryUsage of job (MB)
	44108  -  ResidentSetSize of job (KB)
...
006 (1941410.004.000) 02/18 20:26:42 Image size of job updated: 427024
	117  -  MemoryUsage of job (MB)
	119136  -  ResidentSetSize of job (KB)
...
006 (1941410.004.000) 02/18 20:31:42 Image size of job updated: 427024
	117  -  MemoryUsage of job (MB)
	119156  -  ResidentSetSize of job (KB)
...
006 (1941410.004.000) 02/18 20:36:42 Image size of job updated: 427024
	117  -  MemoryUsage of job (MB)
	119184  -  ResidentSetSize of job (KB)
...
040 (1941410.004.000) 02/18 20:36:43 Started transferring output files
...
040 (1941410.004.000) 02/18 20:36:43 Finished transferring output files
...
009 (1941410.004.000) 02/18 20:36:43 Job was aborted by the user.
	Job removed by SYSTEM_PERIODIC_REMOVE due to wall time exceeded allowed max.
...
