000 (1941406.007.000) 02/18 19:11:46 Job submitted from host: <188.185.70.244:9618?addrs=188.185.70.244-9618+[2001-1458-d00-7--100-2ee]-9618&alias=bigbird10.cern.ch&noUDP&sock=schedd_1882_7954_26>
...
040 (1941406.007.000) 02/18 19:16:40 Started transferring input files
	Transferring to host: <188.184.192.213:9618?addrs=188.184.192.213-9618+[2001-1458-301-83--100-c5]-9618&alias=b7g44n0205.cern.ch&noUDP&sock=slot1_6_12214_9e2a_5161>
...
040 (1941406.007.000) 02/18 19:16:40 Finished transferring input files
...
001 (1941406.007.000) 02/18 19:16:40 Job executing on host: <188.184.192.213:9618?addrs=188.184.192.213-9618+[2001-1458-301-83--100-c5]-9618&alias=b7g44n0205.cern.ch&noUDP&sock=startd_1888_96e5>
...
006 (1941406.007.000) 02/18 19:16:49 Image size of job updated: 289920
	43  -  MemoryUsage of job (MB)
	43720  -  ResidentSetSize of job (KB)
...
006 (1941406.007.000) 02/18 19:21:50 Image size of job updated: 430588
	123  -  MemoryUsage of job (MB)
	125508  -  ResidentSetSize of job (KB)
...
040 (1941406.007.000) 02/18 19:36:11 Started transferring output files
...
040 (1941406.007.000) 02/18 19:36:11 Finished transferring output files
...
005 (1941406.007.000) 02/18 19:36:11 Job terminated.
	(1) Normal termination (return value 0)
		Usr 0 00:19:21, Sys 0 00:00:00  -  Run Remote Usage
		Usr 0 00:00:00, Sys 0 00:00:00  -  Run Local Usage
		Usr 0 00:19:21, Sys 0 00:00:00  -  Total Remote Usage
		Usr 0 00:00:00, Sys 0 00:00:00  -  Total Local Usage
	4202  -  Run Bytes Sent By Job
	500  -  Run Bytes Received By Job
	4202  -  Total Bytes Sent By Job
	500  -  Total Bytes Received By Job
	Partitionable Resources :    Usage  Request Allocated 
	   Cpus                 :     1.00        1         1 
	   Disk (KB)            :    29           1    182397 
	   Memory (MB)          :   123        2000      2000 

	Job terminated of its own accord at 2021-02-18T18:36:11Z.
...
000 (1941410.007.000) 02/18 20:15:29 Job submitted from host: <188.185.70.244:9618?addrs=188.185.70.244-9618+[2001-1458-d00-7--100-2ee]-9618&alias=bigbird10.cern.ch&noUDP&sock=schedd_1882_7954_26>
...
040 (1941410.007.000) 02/18 20:16:35 Started transferring input files
	Transferring to host: <128.142.80.202:9618?addrs=128.142.80.202-9618+[2001-1458-301-f5--100-3fd]-9618&noUDP&sock=16855_9f46_29764>
...
040 (1941410.007.000) 02/18 20:16:35 Finished transferring input files
...
001 (1941410.007.000) 02/18 20:16:35 Job executing on host: <128.142.80.202:9618?addrs=128.142.80.202-9618+[2001-1458-301-f5--100-3fd]-9618&noUDP&sock=16699_b419_3>
...
006 (1941410.007.000) 02/18 20:16:44 Image size of job updated: 60592
	44  -  MemoryUsage of job (MB)
	44200  -  ResidentSetSize of job (KB)
...
006 (1941410.007.000) 02/18 20:21:45 Image size of job updated: 143108
	124  -  MemoryUsage of job (MB)
	126712  -  ResidentSetSize of job (KB)
...
040 (1941410.007.000) 02/18 20:31:50 Started transferring output files
...
040 (1941410.007.000) 02/18 20:31:50 Finished transferring output files
...
005 (1941410.007.000) 02/18 20:31:50 Job terminated.
	(1) Normal termination (return value 0)
		Usr 0 00:14:12, Sys 0 00:00:00  -  Run Remote Usage
		Usr 0 00:00:00, Sys 0 00:00:00  -  Run Local Usage
		Usr 0 00:14:12, Sys 0 00:00:00  -  Total Remote Usage
		Usr 0 00:00:00, Sys 0 00:00:00  -  Total Local Usage
	3828  -  Run Bytes Sent By Job
	500  -  Run Bytes Received By Job
	3828  -  Total Bytes Sent By Job
	500  -  Total Bytes Received By Job
	Partitionable Resources :    Usage  Request Allocated 
	   Cpus                 :     1.00        1         1 
	   Disk (KB)            :    30           1    262663 
	   Memory (MB)          :   124        2000      2000 
...
