000 (1941406.005.000) 02/18 19:11:46 Job submitted from host: <188.185.70.244:9618?addrs=188.185.70.244-9618+[2001-1458-d00-7--100-2ee]-9618&alias=bigbird10.cern.ch&noUDP&sock=schedd_1882_7954_26>
...
022 (1941406.005.000) 02/18 19:17:00 Job disconnected, attempting to reconnect
    Socket between submit and execute hosts closed unexpectedly
    Trying to reconnect to slot1_10@b7g44n0216.cern.ch <188.184.192.220:9618?addrs=188.184.192.220-9618+[2001-1458-301-83--100-b0]-9618&alias=b7g44n0216.cern.ch&noUDP&sock=startd_2265_2e19>
...
024 (1941406.005.000) 02/18 19:17:00 Job reconnection failed
    Job not found at execution machine
    Can not reconnect to slot1_10@b7g44n0216.cern.ch, rescheduling job
...
040 (1941406.005.000) 02/18 19:23:29 Started transferring input files
	Transferring to host: <188.184.192.30:9618?addrs=188.184.192.30-9618+[2001-1458-301-83--100-2d]-9618&noUDP&sock=20095_7eca_2469>
...
040 (1941406.005.000) 02/18 19:23:29 Finished transferring input files
...
001 (1941406.005.000) 02/18 19:23:29 Job executing on host: <188.184.192.30:9618?addrs=188.184.192.30-9618+[2001-1458-301-83--100-2d]-9618&noUDP&sock=28922_aa33_234>
...
006 (1941406.005.000) 02/18 19:23:37 Image size of job updated: 61912
	47  -  MemoryUsage of job (MB)
	47576  -  ResidentSetSize of job (KB)
...
006 (1941406.005.000) 02/18 19:28:37 Image size of job updated: 143696
	127  -  MemoryUsage of job (MB)
	129360  -  ResidentSetSize of job (KB)
...
006 (1941406.005.000) 02/18 19:42:41 Image size of job updated: 454960
	127  -  MemoryUsage of job (MB)
	129360  -  ResidentSetSize of job (KB)
...
040 (1941406.005.000) 02/18 19:42:41 Started transferring output files
...
040 (1941406.005.000) 02/18 19:42:41 Finished transferring output files
...
005 (1941406.005.000) 02/18 19:42:41 Job terminated.
	(1) Normal termination (return value 0)
		Usr 0 00:19:03, Sys 0 00:00:00  -  Run Remote Usage
		Usr 0 00:00:00, Sys 0 00:00:00  -  Run Local Usage
		Usr 0 00:19:03, Sys 0 00:00:00  -  Total Remote Usage
		Usr 0 00:00:00, Sys 0 00:00:00  -  Total Local Usage
	4342  -  Run Bytes Sent By Job
	500  -  Run Bytes Received By Job
	4342  -  Total Bytes Sent By Job
	500  -  Total Bytes Received By Job
	Partitionable Resources :    Usage  Request Allocated 
	   Cpus                 :     1.00        1         1 
	   Disk (KB)            :    31           1    180082 
	   Memory (MB)          :   127        2000      2000 
...
000 (1941410.005.000) 02/18 20:15:29 Job submitted from host: <188.185.70.244:9618?addrs=188.185.70.244-9618+[2001-1458-d00-7--100-2ee]-9618&alias=bigbird10.cern.ch&noUDP&sock=schedd_1882_7954_26>
...
040 (1941410.005.000) 02/18 20:16:39 Started transferring input files
	Transferring to host: <188.184.168.44:9618?addrs=188.184.168.44-9618+[2001-1458-301-c0--100-4a]-9618&noUDP&sock=18797_efd5_73309>
...
040 (1941410.005.000) 02/18 20:16:39 Finished transferring input files
...
001 (1941410.005.000) 02/18 20:16:39 Job executing on host: <188.184.168.44:9618?addrs=188.184.168.44-9618+[2001-1458-301-c0--100-4a]-9618&noUDP&sock=18661_78ea_3>
...
006 (1941410.005.000) 02/18 20:16:47 Image size of job updated: 60528
	44  -  MemoryUsage of job (MB)
	44136  -  ResidentSetSize of job (KB)
...
006 (1941410.005.000) 02/18 20:21:47 Image size of job updated: 142320
	123  -  MemoryUsage of job (MB)
	125924  -  ResidentSetSize of job (KB)
...
040 (1941410.005.000) 02/18 20:33:47 Started transferring output files
...
040 (1941410.005.000) 02/18 20:33:47 Finished transferring output files
...
005 (1941410.005.000) 02/18 20:33:47 Job terminated.
	(1) Normal termination (return value 0)
		Usr 0 00:16:59, Sys 0 00:00:00  -  Run Remote Usage
		Usr 0 00:00:00, Sys 0 00:00:00  -  Run Local Usage
		Usr 0 00:16:59, Sys 0 00:00:00  -  Total Remote Usage
		Usr 0 00:00:00, Sys 0 00:00:00  -  Total Local Usage
	4218  -  Run Bytes Sent By Job
	500  -  Run Bytes Received By Job
	4218  -  Total Bytes Sent By Job
	500  -  Total Bytes Received By Job
	Partitionable Resources :    Usage  Request Allocated 
	   Cpus                 :     1.00        1         1 
	   Disk (KB)            :    31           1    277218 
	   Memory (MB)          :   123        2000      2000 
...
