000 (1941406.001.000) 02/18 19:11:46 Job submitted from host: <188.185.70.244:9618?addrs=188.185.70.244-9618+[2001-1458-d00-7--100-2ee]-9618&alias=bigbird10.cern.ch&noUDP&sock=schedd_1882_7954_26>
...
040 (1941406.001.000) 02/18 19:16:42 Started transferring input files
	Transferring to host: <128.142.224.181:9618?addrs=128.142.224.181-9618+[2001-1458-301-84--100-9]-9618&alias=b7g44n0018.cern.ch&noUDP&sock=slot1_4_5019_16e5_25118>
...
040 (1941406.001.000) 02/18 19:16:42 Finished transferring input files
...
001 (1941406.001.000) 02/18 19:16:42 Job executing on host: <128.142.224.181:9618?addrs=128.142.224.181-9618+[2001-1458-301-84--100-9]-9618&alias=b7g44n0018.cern.ch&noUDP&sock=startd_2952_67aa>
...
006 (1941406.001.000) 02/18 19:16:51 Image size of job updated: 419736
	44  -  MemoryUsage of job (MB)
	44036  -  ResidentSetSize of job (KB)
...
006 (1941406.001.000) 02/18 19:21:51 Image size of job updated: 430288
	44  -  MemoryUsage of job (MB)
	44068  -  ResidentSetSize of job (KB)
...
006 (1941406.001.000) 02/18 19:26:51 Image size of job updated: 430288
	122  -  MemoryUsage of job (MB)
	124148  -  ResidentSetSize of job (KB)
...
006 (1941406.001.000) 02/18 19:31:52 Image size of job updated: 430288
	122  -  MemoryUsage of job (MB)
	124168  -  ResidentSetSize of job (KB)
...
040 (1941406.001.000) 02/18 19:36:55 Started transferring output files
...
040 (1941406.001.000) 02/18 19:36:55 Finished transferring output files
...
009 (1941406.001.000) 02/18 19:36:55 Job was aborted by the user.
	Job removed by SYSTEM_PERIODIC_REMOVE due to wall time exceeded allowed max.
...
000 (1941410.001.000) 02/18 20:15:29 Job submitted from host: <188.185.70.244:9618?addrs=188.185.70.244-9618+[2001-1458-d00-7--100-2ee]-9618&alias=bigbird10.cern.ch&noUDP&sock=schedd_1882_7954_26>
...
040 (1941410.001.000) 02/18 20:16:47 Started transferring input files
	Transferring to host: <128.142.86.131:9618?addrs=128.142.86.131-9618+[2001-1458-301-f6--100-173]-9618&alias=b7s14n1684.cern.ch&noUDP&sock=slot1_9_27500_fcd7_10489>
...
040 (1941410.001.000) 02/18 20:16:47 Finished transferring input files
...
001 (1941410.001.000) 02/18 20:16:47 Job executing on host: <128.142.86.131:9618?addrs=128.142.86.131-9618+[2001-1458-301-f6--100-173]-9618&alias=b7s14n1684.cern.ch&noUDP&sock=startd_16754_6dce>
...
006 (1941410.001.000) 02/18 20:16:55 Image size of job updated: 305800
	43  -  MemoryUsage of job (MB)
	43772  -  ResidentSetSize of job (KB)
...
006 (1941410.001.000) 02/18 20:21:55 Image size of job updated: 430272
	44  -  MemoryUsage of job (MB)
	44064  -  ResidentSetSize of job (KB)
...
006 (1941410.001.000) 02/18 20:26:56 Image size of job updated: 430272
	122  -  MemoryUsage of job (MB)
	124140  -  ResidentSetSize of job (KB)
...
006 (1941410.001.000) 02/18 20:31:57 Image size of job updated: 430272
	122  -  MemoryUsage of job (MB)
	124164  -  ResidentSetSize of job (KB)
...
040 (1941410.001.000) 02/18 20:36:49 Started transferring output files
...
040 (1941410.001.000) 02/18 20:36:49 Finished transferring output files
...
009 (1941410.001.000) 02/18 20:36:49 Job was aborted by the user.
	Job removed by SYSTEM_PERIODIC_REMOVE due to wall time exceeded allowed max.
...
