000 (1941406.003.000) 02/18 19:11:46 Job submitted from host: <188.185.70.244:9618?addrs=188.185.70.244-9618+[2001-1458-d00-7--100-2ee]-9618&alias=bigbird10.cern.ch&noUDP&sock=schedd_1882_7954_26>
...
040 (1941406.003.000) 02/18 19:16:42 Started transferring input files
	Transferring to host: <188.184.192.28:9618?addrs=188.184.192.28-9618+[2001-1458-301-83--100-48]-9618&noUDP&sock=19609_1076_3246>
...
001 (1941406.003.000) 02/18 19:16:42 Job executing on host: <188.184.192.28:9618?addrs=188.184.192.28-9618+[2001-1458-301-83--100-48]-9618&noUDP&sock=4670_cf5e_254>
...
040 (1941406.003.000) 02/18 19:16:42 Finished transferring input files
...
006 (1941406.003.000) 02/18 19:16:50 Image size of job updated: 31260
	17  -  MemoryUsage of job (MB)
	16828  -  ResidentSetSize of job (KB)
...
006 (1941406.003.000) 02/18 19:21:51 Image size of job updated: 60608
	44  -  MemoryUsage of job (MB)
	44132  -  ResidentSetSize of job (KB)
...
006 (1941406.003.000) 02/18 19:26:52 Image size of job updated: 142396
	123  -  MemoryUsage of job (MB)
	125920  -  ResidentSetSize of job (KB)
...
040 (1941406.003.000) 02/18 19:36:43 Started transferring output files
...
040 (1941406.003.000) 02/18 19:36:43 Finished transferring output files
...
009 (1941406.003.000) 02/18 19:36:43 Job was aborted by the user.
	Job removed by SYSTEM_PERIODIC_REMOVE due to wall time exceeded allowed max.
...
000 (1941410.003.000) 02/18 20:15:29 Job submitted from host: <188.185.70.244:9618?addrs=188.185.70.244-9618+[2001-1458-d00-7--100-2ee]-9618&alias=bigbird10.cern.ch&noUDP&sock=schedd_1882_7954_26>
...
040 (1941410.003.000) 02/18 20:16:32 Started transferring input files
	Transferring to host: <128.142.74.48:9618?addrs=128.142.74.48-9618+[2001-1458-301-75--100-461]-9618&noUDP&sock=5305_9a31_5218>
...
040 (1941410.003.000) 02/18 20:16:32 Finished transferring input files
...
001 (1941410.003.000) 02/18 20:16:32 Job executing on host: <128.142.74.48:9618?addrs=128.142.74.48-9618+[2001-1458-301-75--100-461]-9618&noUDP&sock=3624_574e_3>
...
006 (1941410.003.000) 02/18 20:16:41 Image size of job updated: 60528
	44  -  MemoryUsage of job (MB)
	44136  -  ResidentSetSize of job (KB)
...
006 (1941410.003.000) 02/18 20:21:43 Image size of job updated: 142320
	123  -  MemoryUsage of job (MB)
	125924  -  ResidentSetSize of job (KB)
...
040 (1941410.003.000) 02/18 20:35:38 Started transferring output files
...
040 (1941410.003.000) 02/18 20:35:38 Finished transferring output files
...
005 (1941410.003.000) 02/18 20:35:39 Job terminated.
	(1) Normal termination (return value 0)
		Usr 0 00:18:46, Sys 0 00:00:00  -  Run Remote Usage
		Usr 0 00:00:00, Sys 0 00:00:00  -  Run Local Usage
		Usr 0 00:18:46, Sys 0 00:00:00  -  Total Remote Usage
		Usr 0 00:00:00, Sys 0 00:00:00  -  Total Local Usage
	4230  -  Run Bytes Sent By Job
	500  -  Run Bytes Received By Job
	4230  -  Total Bytes Sent By Job
	500  -  Total Bytes Received By Job
	Partitionable Resources :    Usage  Request Allocated 
	   Cpus                 :     1.00        1         1 
	   Disk (KB)            :    31           1    274812 
	   Memory (MB)          :   123        2000      2000 
...
