000 (1941406.010.000) 02/18 19:11:46 Job submitted from host: <188.185.70.244:9618?addrs=188.185.70.244-9618+[2001-1458-d00-7--100-2ee]-9618&alias=bigbird10.cern.ch&noUDP&sock=schedd_1882_7954_26>
...
040 (1941406.010.000) 02/18 19:16:44 Started transferring input files
	Transferring to host: <188.184.192.49:9618?addrs=188.184.192.49-9618+[2001-1458-301-83--100-37]-9618&noUDP&sock=3408_fe84_12330>
...
040 (1941406.010.000) 02/18 19:16:44 Finished transferring input files
...
001 (1941406.010.000) 02/18 19:16:44 Job executing on host: <188.184.192.49:9618?addrs=188.184.192.49-9618+[2001-1458-301-83--100-37]-9618&noUDP&sock=2742_5cc6_3>
...
006 (1941406.010.000) 02/18 19:16:53 Image size of job updated: 32940
	19  -  MemoryUsage of job (MB)
	18508  -  ResidentSetSize of job (KB)
...
006 (1941406.010.000) 02/18 19:21:54 Image size of job updated: 62648
	46  -  MemoryUsage of job (MB)
	46172  -  ResidentSetSize of job (KB)
...
006 (1941406.010.000) 02/18 19:26:55 Image size of job updated: 139444
	121  -  MemoryUsage of job (MB)
	122968  -  ResidentSetSize of job (KB)
...
006 (1941406.010.000) 02/18 19:31:55 Image size of job updated: 139452
	121  -  MemoryUsage of job (MB)
	122976  -  ResidentSetSize of job (KB)
...
040 (1941406.010.000) 02/18 19:36:57 Started transferring output files
...
040 (1941406.010.000) 02/18 19:36:57 Finished transferring output files
...
009 (1941406.010.000) 02/18 19:36:57 Job was aborted by the user.
	Job removed by SYSTEM_PERIODIC_REMOVE due to wall time exceeded allowed max.
...
