000 (1941406.000.000) 02/18 19:11:46 Job submitted from host: <188.185.70.244:9618?addrs=188.185.70.244-9618+[2001-1458-d00-7--100-2ee]-9618&alias=bigbird10.cern.ch&noUDP&sock=schedd_1882_7954_26>
...
040 (1941406.000.000) 02/18 19:16:59 Started transferring input files
	Transferring to host: <188.184.192.92:9618?addrs=188.184.192.92-9618+[2001-1458-301-83--100-2e]-9618&noUDP&sock=20573_4a1e_2616>
...
040 (1941406.000.000) 02/18 19:16:59 Finished transferring input files
...
001 (1941406.000.000) 02/18 19:16:59 Job executing on host: <188.184.192.92:9618?addrs=188.184.192.92-9618+[2001-1458-301-83--100-2e]-9618&noUDP&sock=4668_702e_251>
...
006 (1941406.000.000) 02/18 19:17:08 Image size of job updated: 60660
	44  -  MemoryUsage of job (MB)
	44216  -  ResidentSetSize of job (KB)
...
006 (1941406.000.000) 02/18 19:22:09 Image size of job updated: 60948
	44  -  MemoryUsage of job (MB)
	44472  -  ResidentSetSize of job (KB)
...
006 (1941406.000.000) 02/18 19:27:09 Image size of job updated: 141020
	122  -  MemoryUsage of job (MB)
	124544  -  ResidentSetSize of job (KB)
...
006 (1941406.000.000) 02/18 19:32:10 Image size of job updated: 141032
	122  -  MemoryUsage of job (MB)
	124556  -  ResidentSetSize of job (KB)
...
040 (1941406.000.000) 02/18 19:37:12 Started transferring output files
...
040 (1941406.000.000) 02/18 19:37:12 Finished transferring output files
...
009 (1941406.000.000) 02/18 19:37:12 Job was aborted by the user.
	Job removed by SYSTEM_PERIODIC_REMOVE due to wall time exceeded allowed max.
...
000 (1941410.000.000) 02/18 20:15:29 Job submitted from host: <188.185.70.244:9618?addrs=188.185.70.244-9618+[2001-1458-d00-7--100-2ee]-9618&alias=bigbird10.cern.ch&noUDP&sock=schedd_1882_7954_26>
...
040 (1941410.000.000) 02/18 20:16:34 Started transferring input files
	Transferring to host: <128.142.75.223:9618?addrs=128.142.75.223-9618+[2001-1458-301-75--100-377]-9618&noUDP&sock=16893_6588_32234>
...
040 (1941410.000.000) 02/18 20:16:34 Finished transferring input files
...
001 (1941410.000.000) 02/18 20:16:34 Job executing on host: <128.142.75.223:9618?addrs=128.142.75.223-9618+[2001-1458-301-75--100-377]-9618&noUDP&sock=16737_c4b2_3>
...
006 (1941410.000.000) 02/18 20:16:42 Image size of job updated: 42252
	26  -  MemoryUsage of job (MB)
	26044  -  ResidentSetSize of job (KB)
...
006 (1941410.000.000) 02/18 20:21:42 Image size of job updated: 140908
	122  -  MemoryUsage of job (MB)
	124512  -  ResidentSetSize of job (KB)
...
006 (1941410.000.000) 02/18 20:26:43 Image size of job updated: 140940
	122  -  MemoryUsage of job (MB)
	124544  -  ResidentSetSize of job (KB)
...
006 (1941410.000.000) 02/18 20:31:44 Image size of job updated: 140960
	122  -  MemoryUsage of job (MB)
	124564  -  ResidentSetSize of job (KB)
...
006 (1941410.000.000) 02/18 20:36:44 Image size of job updated: 140976
	122  -  MemoryUsage of job (MB)
	124580  -  ResidentSetSize of job (KB)
...
040 (1941410.000.000) 02/18 20:36:44 Started transferring output files
...
040 (1941410.000.000) 02/18 20:36:44 Finished transferring output files
...
009 (1941410.000.000) 02/18 20:36:45 Job was aborted by the user.
	Job removed by SYSTEM_PERIODIC_REMOVE due to wall time exceeded allowed max.
...
