000 (1941406.006.000) 02/18 19:11:46 Job submitted from host: <188.185.70.244:9618?addrs=188.185.70.244-9618+[2001-1458-d00-7--100-2ee]-9618&alias=bigbird10.cern.ch&noUDP&sock=schedd_1882_7954_26>
...
022 (1941406.006.000) 02/18 19:17:06 Job disconnected, attempting to reconnect
    Socket between submit and execute hosts closed unexpectedly
    Trying to reconnect to slot1_2@b7g44n0018.cern.ch <128.142.224.181:9618?addrs=128.142.224.181-9618+[2001-1458-301-84--100-9]-9618&alias=b7g44n0018.cern.ch&noUDP&sock=startd_2952_67aa>
...
024 (1941406.006.000) 02/18 19:17:06 Job reconnection failed
    Job not found at execution machine
    Can not reconnect to slot1_2@b7g44n0018.cern.ch, rescheduling job
...
040 (1941406.006.000) 02/18 19:20:13 Started transferring input files
	Transferring to host: <128.142.118.98:9618?addrs=128.142.118.98-9618+[2001-1458-301-ae--100-13b]-9618&alias=b7s06n9729.cern.ch&noUDP&sock=slot1_2_15458_4f2e_1824>
...
040 (1941406.006.000) 02/18 19:20:13 Finished transferring input files
...
001 (1941406.006.000) 02/18 19:20:13 Job executing on host: <128.142.118.98:9618?addrs=128.142.118.98-9618+[2001-1458-301-ae--100-13b]-9618&alias=b7s06n9729.cern.ch&noUDP&sock=startd_16766_a8f1>
...
006 (1941406.006.000) 02/18 19:20:22 Image size of job updated: 430828
	44  -  MemoryUsage of job (MB)
	44068  -  ResidentSetSize of job (KB)
...
006 (1941406.006.000) 02/18 19:25:23 Image size of job updated: 430828
	119  -  MemoryUsage of job (MB)
	120880  -  ResidentSetSize of job (KB)
...
006 (1941406.006.000) 02/18 19:30:24 Image size of job updated: 430828
	119  -  MemoryUsage of job (MB)
	120896  -  ResidentSetSize of job (KB)
...
006 (1941406.006.000) 02/18 19:35:24 Image size of job updated: 430828
	119  -  MemoryUsage of job (MB)
	120916  -  ResidentSetSize of job (KB)
...
040 (1941406.006.000) 02/18 19:37:23 Started transferring output files
...
040 (1941406.006.000) 02/18 19:37:23 Finished transferring output files
...
005 (1941406.006.000) 02/18 19:37:23 Job terminated.
	(1) Normal termination (return value 0)
		Usr 0 00:17:02, Sys 0 00:00:00  -  Run Remote Usage
		Usr 0 00:00:00, Sys 0 00:00:00  -  Run Local Usage
		Usr 0 00:17:02, Sys 0 00:00:00  -  Total Remote Usage
		Usr 0 00:00:00, Sys 0 00:00:00  -  Total Local Usage
	4118  -  Run Bytes Sent By Job
	500  -  Run Bytes Received By Job
	4118  -  Total Bytes Sent By Job
	500  -  Total Bytes Received By Job
	Partitionable Resources :    Usage  Request Allocated 
	   Cpus                 :     0.98        1         1 
	   Disk (KB)            :    30           1    221020 
	   Memory (MB)          :   119        2000      2000 

	Job terminated of its own accord at 2021-02-18T18:37:23Z.
...
000 (1941410.006.000) 02/18 20:15:29 Job submitted from host: <188.185.70.244:9618?addrs=188.185.70.244-9618+[2001-1458-d00-7--100-2ee]-9618&alias=bigbird10.cern.ch&noUDP&sock=schedd_1882_7954_26>
...
040 (1941410.006.000) 02/18 20:16:34 Started transferring input files
	Transferring to host: <128.142.86.79:9618?addrs=128.142.86.79-9618+[2001-1458-301-f6--100-594]-9618&noUDP&sock=16803_fbc4_21597>
...
040 (1941410.006.000) 02/18 20:16:34 Finished transferring input files
...
001 (1941410.006.000) 02/18 20:16:34 Job executing on host: <128.142.86.79:9618?addrs=128.142.86.79-9618+[2001-1458-301-f6--100-594]-9618&noUDP&sock=16647_092c_3>
...
006 (1941410.006.000) 02/18 20:16:47 Image size of job updated: 60692
	44  -  MemoryUsage of job (MB)
	44228  -  ResidentSetSize of job (KB)
...
006 (1941410.006.000) 02/18 20:21:49 Image size of job updated: 60992
	44  -  MemoryUsage of job (MB)
	44496  -  ResidentSetSize of job (KB)
...
006 (1941410.006.000) 02/18 20:26:49 Image size of job updated: 137780
	119  -  MemoryUsage of job (MB)
	121284  -  ResidentSetSize of job (KB)
...
006 (1941410.006.000) 02/18 20:31:49 Image size of job updated: 137788
	119  -  MemoryUsage of job (MB)
	121292  -  ResidentSetSize of job (KB)
...
006 (1941410.006.000) 02/18 20:36:35 Image size of job updated: 137892
	119  -  MemoryUsage of job (MB)
	121292  -  ResidentSetSize of job (KB)
...
040 (1941410.006.000) 02/18 20:36:35 Started transferring output files
...
040 (1941410.006.000) 02/18 20:36:35 Finished transferring output files
...
009 (1941410.006.000) 02/18 20:36:35 Job was aborted by the user.
	Job removed by SYSTEM_PERIODIC_REMOVE due to wall time exceeded allowed max.
...
