000 (1941406.002.000) 02/18 19:11:46 Job submitted from host: <188.185.70.244:9618?addrs=188.185.70.244-9618+[2001-1458-d00-7--100-2ee]-9618&alias=bigbird10.cern.ch&noUDP&sock=schedd_1882_7954_26>
...
040 (1941406.002.000) 02/18 19:16:40 Started transferring input files
	Transferring to host: <188.184.192.30:9618?addrs=188.184.192.30-9618+[2001-1458-301-83--100-2d]-9618&noUDP&sock=20095_7eca_2467>
...
040 (1941406.002.000) 02/18 19:16:40 Finished transferring input files
...
001 (1941406.002.000) 02/18 19:16:40 Job executing on host: <188.184.192.30:9618?addrs=188.184.192.30-9618+[2001-1458-301-83--100-2d]-9618&noUDP&sock=28922_aa33_234>
...
006 (1941406.002.000) 02/18 19:16:49 Image size of job updated: 60600
	44  -  MemoryUsage of job (MB)
	44128  -  ResidentSetSize of job (KB)
...
006 (1941406.002.000) 02/18 19:21:50 Image size of job updated: 149116
	130  -  MemoryUsage of job (MB)
	132640  -  ResidentSetSize of job (KB)
...
040 (1941406.002.000) 02/18 19:35:19 Started transferring output files
...
040 (1941406.002.000) 02/18 19:35:19 Finished transferring output files
...
005 (1941406.002.000) 02/18 19:35:19 Job terminated.
	(1) Normal termination (return value 0)
		Usr 0 00:18:32, Sys 0 00:00:00  -  Run Remote Usage
		Usr 0 00:00:00, Sys 0 00:00:00  -  Run Local Usage
		Usr 0 00:18:32, Sys 0 00:00:00  -  Total Remote Usage
		Usr 0 00:00:00, Sys 0 00:00:00  -  Total Local Usage
	4286  -  Run Bytes Sent By Job
	500  -  Run Bytes Received By Job
	4286  -  Total Bytes Sent By Job
	500  -  Total Bytes Received By Job
	Partitionable Resources :    Usage  Request Allocated 
	   Cpus                 :     1.00        1         1 
	   Disk (KB)            :    30           1    180082 
	   Memory (MB)          :   130        2000      2000 
...
000 (1941410.002.000) 02/18 20:15:29 Job submitted from host: <188.185.70.244:9618?addrs=188.185.70.244-9618+[2001-1458-d00-7--100-2ee]-9618&alias=bigbird10.cern.ch&noUDP&sock=schedd_1882_7954_26>
...
040 (1941410.002.000) 02/18 20:16:31 Started transferring input files
	Transferring to host: <128.142.193.202:9618?addrs=128.142.193.202-9618+[2001-1458-301-cc--100-3e0]-9618&alias=b7g52n5189.cern.ch&noUDP&sock=slot1_3_6531_6e23_10924>
...
001 (1941410.002.000) 02/18 20:16:31 Job executing on host: <128.142.193.202:9618?addrs=128.142.193.202-9618+[2001-1458-301-cc--100-3e0]-9618&alias=b7g52n5189.cern.ch&noUDP&sock=startd_18852_7b80>
...
040 (1941410.002.000) 02/18 20:16:31 Finished transferring input files
...
006 (1941410.002.000) 02/18 20:16:40 Image size of job updated: 60112
	43  -  MemoryUsage of job (MB)
	43720  -  ResidentSetSize of job (KB)
...
006 (1941410.002.000) 02/18 20:21:41 Image size of job updated: 430576
	123  -  MemoryUsage of job (MB)
	125508  -  ResidentSetSize of job (KB)
...
040 (1941410.002.000) 02/18 20:36:02 Started transferring output files
...
040 (1941410.002.000) 02/18 20:36:02 Finished transferring output files
...
005 (1941410.002.000) 02/18 20:36:02 Job terminated.
	(1) Normal termination (return value 0)
		Usr 0 00:19:13, Sys 0 00:00:00  -  Run Remote Usage
		Usr 0 00:00:00, Sys 0 00:00:00  -  Run Local Usage
		Usr 0 00:19:13, Sys 0 00:00:00  -  Total Remote Usage
		Usr 0 00:00:00, Sys 0 00:00:00  -  Total Local Usage
	4300  -  Run Bytes Sent By Job
	500  -  Run Bytes Received By Job
	4300  -  Total Bytes Sent By Job
	500  -  Total Bytes Received By Job
	Partitionable Resources :    Usage  Request Allocated 
	   Cpus                 :     1.00        1         1 
	   Disk (KB)            :    30           1    283516 
	   Memory (MB)          :   123        2000      2000 

	Job terminated of its own accord at 2021-02-18T19:36:02Z.
...
